<?xml version="1.0" encoding="UTF-8"?>
<!-- Generated by org.testng.reporters.JUnitReportReporter -->
<testsuite hostname="DESKTOP-M50R0NV" failures="0" tests="1" name="com.efuelsystems.tests.TC_006" time="0.005" errors="0" timestamp="2023-05-01T15:24:53 IST" skipped="0">
  <testcase classname="com.efuelsystems.tests.TC_006" name="TC_006" time="0.005"/>
  <system-out/>
</testsuite> <!-- com.efuelsystems.tests.TC_006 -->
