<?xml version="1.0" encoding="UTF-8"?>
<!-- Generated by org.testng.reporters.JUnitReportReporter -->
<testsuite hostname="DESKTOP-M50R0NV" failures="0" tests="1" name="com.efuelsystems.tests.TC_003_CreateContacts" time="115.442" errors="0" timestamp="2023-04-30T15:13:09 IST" skipped="0">
  <testcase classname="com.efuelsystems.tests.TC_003_CreateContacts" name="TC_003_CreateContacts" time="115.442"/>
  <system-out/>
</testsuite> <!-- com.efuelsystems.tests.TC_003_CreateContacts -->
