<?xml version="1.0" encoding="UTF-8"?>
<!-- Generated by org.testng.reporters.JUnitReportReporter -->
<testsuite hostname="DESKTOP-M50R0NV" failures="0" tests="1" name="com.efuelsystems.tests.TC_004_Test" time="0.047" errors="0" timestamp="2023-05-01T14:12:03 IST" skipped="0">
  <testcase classname="com.efuelsystems.tests.TC_004_Test" name="TC_003_CreateContacts" time="0.047"/>
  <system-out/>
</testsuite> <!-- com.efuelsystems.tests.TC_004_Test -->
