<?xml version="1.0" encoding="UTF-8"?>
<!-- Generated by org.testng.reporters.JUnitReportReporter -->
<testsuite hostname="DESKTOP-M50R0NV" failures="0" tests="1" name="com.efuelsystems.tests.TC_001_CreateSite" time="165.067" errors="0" timestamp="2023-05-01T12:17:25 IST" skipped="0">
  <testcase classname="com.efuelsystems.tests.TC_001_CreateSite" name="TC_001_CreateSite" time="165.067"/>
  <system-out/>
</testsuite> <!-- com.efuelsystems.tests.TC_001_CreateSite -->
